<?xml version="1.0" encoding="UTF-8"?>
<!-- Generated by org.testng.reporters.JUnitReportReporter -->
<testsuite skipped="0" hostname="DELL-PC" name="Testing.com.tesing.Test1" tests="1" failures="0" timestamp="2021-01-21T16:25:09 IST" time="8.385" errors="0">
  <testcase name="login" time="8.385" classname="Testing.com.tesing.Test1"/>
  <system-out/>
</testsuite> <!-- Testing.com.tesing.Test1 -->
